Fri Sep 22 05:31:51 UTC 2023 - Executing "{openroad -exit -no_init -python /openlane/scripts/odbpy/lefutil.py get_metal_layers -o /openlane/designs/stdp/runs/run1/tmp/layers.list /home/bar/.volare/sky130A/libs.ref/sky130_fd_sc_hd/techlef/sky130_fd_sc_hd__nom.tlef}"

Fri Sep 22 05:31:51 UTC 2023 - Executing "{/openlane/scripts/mergeLef.py -o /openlane/designs/stdp/runs/run1/tmp/merged.nom.lef -i /home/bar/.volare/sky130A/libs.ref/sky130_fd_sc_hd/techlef/sky130_fd_sc_hd__nom.tlef {/home/bar/.volare/sky130A/libs.ref/sky130_fd_sc_hd/lef/sky130_ef_sc_hd.lef /home/bar/.volare/sky130A/libs.ref/sky130_fd_sc_hd/lef/sky130_fd_sc_hd.lef} |& tee /dev/null}"

Fri Sep 22 05:31:51 UTC 2023 - Executing "{/openlane/scripts/mergeLef.py -o /openlane/designs/stdp/runs/run1/tmp/merged.min.lef -i /home/bar/.volare/sky130A/libs.ref/sky130_fd_sc_hd/techlef/sky130_fd_sc_hd__min.tlef {/home/bar/.volare/sky130A/libs.ref/sky130_fd_sc_hd/lef/sky130_ef_sc_hd.lef /home/bar/.volare/sky130A/libs.ref/sky130_fd_sc_hd/lef/sky130_fd_sc_hd.lef} |& tee /dev/null}"

Fri Sep 22 05:31:51 UTC 2023 - Executing "{/openlane/scripts/mergeLef.py -o /openlane/designs/stdp/runs/run1/tmp/merged.max.lef -i /home/bar/.volare/sky130A/libs.ref/sky130_fd_sc_hd/techlef/sky130_fd_sc_hd__max.tlef {/home/bar/.volare/sky130A/libs.ref/sky130_fd_sc_hd/lef/sky130_ef_sc_hd.lef /home/bar/.volare/sky130A/libs.ref/sky130_fd_sc_hd/lef/sky130_fd_sc_hd.lef} |& tee /dev/null}"

Fri Sep 22 05:31:51 UTC 2023 - Executing "{python3 /openlane/scripts/mergeLib.py --output /openlane/designs/stdp/runs/run1/tmp/synthesis/merged.lib --name sky130A_merged /home/bar/.volare/sky130A/libs.ref/sky130_fd_sc_hd/lib/sky130_fd_sc_hd__tt_025C_1v80.lib}"

Fri Sep 22 05:31:52 UTC 2023 - Executing "{python3 /openlane/scripts/libtrim.py --cell-file /openlane/designs/stdp/runs/run1/tmp/synthesis/trimmed.lib.exclude.list --output /openlane/designs/stdp/runs/run1/tmp/synthesis/trimmed.lib /openlane/designs/stdp/runs/run1/tmp/synthesis/merged.lib}"

Fri Sep 22 05:31:52 UTC 2023 - Executing "{python3 /openlane/scripts/libtrim.py --cell-file /openlane/designs/stdp/runs/run1/tmp/cts/cts.lib.exclude.list --output /openlane/designs/stdp/runs/run1/tmp/cts/cts.lib /home/bar/.volare/sky130A/libs.ref/sky130_fd_sc_hd/lib/sky130_fd_sc_hd__tt_025C_1v80.lib}"

Fri Sep 22 05:31:52 UTC 2023 - Executing "{python3 /openlane/scripts/libtrim.py --cell-file /openlane/designs/stdp/runs/run1/tmp/cts/cts-fastest.lib.exclude.list --output /openlane/designs/stdp/runs/run1/tmp/cts/cts-fastest.lib /home/bar/.volare/sky130A/libs.ref/sky130_fd_sc_hd/lib/sky130_fd_sc_hd__ff_n40C_1v95.lib}"

Fri Sep 22 05:31:53 UTC 2023 - Executing "{python3 /openlane/scripts/libtrim.py --cell-file /openlane/designs/stdp/runs/run1/tmp/cts/cts-slowest.lib.exclude.list --output /openlane/designs/stdp/runs/run1/tmp/cts/cts-slowest.lib /home/bar/.volare/sky130A/libs.ref/sky130_fd_sc_hd/lib/sky130_fd_sc_hd__ss_100C_1v60.lib}"

Fri Sep 22 05:31:53 UTC 2023 - Executing "{python3 /openlane/scripts/new_tracks.py -i /home/bar/.volare/sky130A/libs.tech/openlane/sky130_fd_sc_hd/tracks.info -o /openlane/designs/stdp/runs/run1/tmp/routing/config.tracks}"

Fri Sep 22 05:31:53 UTC 2023 - Executing "{echo {OpenLane 5215ea7cc01e5311086e995905492f0e8fe1ceb6} > /openlane/designs/stdp/runs/run1/OPENLANE_VERSION}"

Fri Sep 22 05:31:53 UTC 2023 - Executing "{yosys -c /openlane/scripts/yosys/blackbox.tcl}"

Fri Sep 22 05:31:54 UTC 2023 - Executing "{verilator -Wall --lint-only --Wno-DECLFILENAME --top-module stdp /openlane/designs/stdp/runs/run1/tmp/synthesis/blackbox/sky130_fd_sc_hd__blackbox.v /openlane/designs/stdp/src/stdp.v -Wno-fatal --relative-includes |& tee /openlane/designs/stdp/runs/run1/logs/synthesis/linter.log /dev/null}"

Fri Sep 22 05:31:54 UTC 2023 - Executing "{sed -E {s/^([[:space:]]+)pg_pin(.*)/\1pin\2\n\1    direction : "inout";/g} /home/bar/.volare/sky130A/libs.ref/sky130_fd_sc_hd/lib/sky130_fd_sc_hd__tt_025C_1v80.lib > /openlane/designs/stdp/runs/run1/tmp/synthesis/1-sky130_fd_sc_hd__tt_025C_1v80.no_pg.lib}"

Fri Sep 22 05:31:54 UTC 2023 - Executing "{sed -E {s/^([[:space:]]+)pg_pin(.*)/\1pin\2\n\1    direction : "inout";/g} /openlane/designs/stdp/runs/run1/tmp/synthesis/trimmed.lib > /openlane/designs/stdp/runs/run1/tmp/synthesis/1-trimmed.no_pg.lib}"

Fri Sep 22 05:31:54 UTC 2023 - Executing "yosys -c /openlane/scripts/yosys/synth.tcl |& tee /dev/null /openlane/designs/stdp/runs/run1/logs/synthesis/1-synthesis.log"

Fri Sep 22 05:31:54 UTC 2023 - Executing "{yosys -c /openlane/scripts/yosys/synth.tcl |& tee /dev/null /openlane/designs/stdp/runs/run1/logs/synthesis/1-synthesis.log}"

Fri Sep 22 05:31:55 UTC 2023 - Executing "{sed -i.bak -e {s/\(set ::env(CURRENT_NETLIST)\).*/\1 \/openlane\/designs\/stdp\/runs\/run1\/results\/synthesis\/stdp.v/} /openlane/designs/stdp/runs/run1/config.tcl}"

Fri Sep 22 05:31:55 UTC 2023 - Executing "{sed -i.bak /defparam/d /openlane/designs/stdp/runs/run1/results/synthesis/stdp.v}"

Fri Sep 22 05:31:55 UTC 2023 - Executing "sta -exit -no_init /openlane/scripts/openroad/sta/multi_corner.tcl |& tee /dev/null /openlane/designs/stdp/runs/run1/logs/synthesis/2-sta.log"

Fri Sep 22 05:31:55 UTC 2023 - Executing "{sta -exit -no_init /openlane/scripts/openroad/sta/multi_corner.tcl |& tee /dev/null /openlane/designs/stdp/runs/run1/logs/synthesis/2-sta.log}"

Fri Sep 22 05:31:56 UTC 2023 - Executing "openroad -exit /openlane/scripts/openroad/floorplan.tcl |& tee /dev/null /openlane/designs/stdp/runs/run1/logs/floorplan/3-initial_fp.log"

Fri Sep 22 05:31:56 UTC 2023 - Executing "{openroad -exit /openlane/scripts/openroad/floorplan.tcl |& tee /dev/null /openlane/designs/stdp/runs/run1/logs/floorplan/3-initial_fp.log}"

Fri Sep 22 05:31:56 UTC 2023 - Executing "{openroad -exit -no_init -python /openlane/scripts/odbpy/snap_to_grid.py --output /openlane/designs/stdp/runs/run1/tmp/floorplan/3-minimized_pdn.txt --input-lef /openlane/designs/stdp/runs/run1/tmp/merged.nom.lef 6.4975000000000005 6.46 12.995000000000001 12.92}"

Fri Sep 22 05:31:57 UTC 2023 - Executing "{openroad -exit -no_init -python /openlane/scripts/odbpy/defutil.py extract_core_dims --output-data /openlane/designs/stdp/runs/run1/tmp/dimensions.txt --input-lef /openlane/designs/stdp/runs/run1/tmp/merged.nom.lef /openlane/designs/stdp/runs/run1/tmp/floorplan/3-initial_fp.def}"

Fri Sep 22 05:31:57 UTC 2023 - Executing "openroad -exit /openlane/scripts/openroad/ioplacer.tcl |& tee /dev/null /openlane/designs/stdp/runs/run1/logs/floorplan/4-io.log"

Fri Sep 22 05:31:57 UTC 2023 - Executing "{openroad -exit /openlane/scripts/openroad/ioplacer.tcl |& tee /dev/null /openlane/designs/stdp/runs/run1/logs/floorplan/4-io.log}"

Fri Sep 22 05:31:58 UTC 2023 - Executing "openroad -exit /openlane/scripts/openroad/tapcell.tcl |& tee /dev/null /openlane/designs/stdp/runs/run1/logs/floorplan/5-tap.log"

Fri Sep 22 05:31:58 UTC 2023 - Executing "{openroad -exit /openlane/scripts/openroad/tapcell.tcl |& tee /dev/null /openlane/designs/stdp/runs/run1/logs/floorplan/5-tap.log}"

Fri Sep 22 05:31:58 UTC 2023 - Executing "openroad -exit /openlane/scripts/openroad/pdn.tcl |& tee /dev/null /openlane/designs/stdp/runs/run1/logs/floorplan/6-pdn.log"

Fri Sep 22 05:31:58 UTC 2023 - Executing "{openroad -exit /openlane/scripts/openroad/pdn.tcl |& tee /dev/null /openlane/designs/stdp/runs/run1/logs/floorplan/6-pdn.log}"

Fri Sep 22 05:31:59 UTC 2023 - Executing "openroad -exit /openlane/scripts/openroad/gpl.tcl |& tee /dev/null /openlane/designs/stdp/runs/run1/logs/placement/7-global.log"

Fri Sep 22 05:31:59 UTC 2023 - Executing "{openroad -exit /openlane/scripts/openroad/gpl.tcl |& tee /dev/null /openlane/designs/stdp/runs/run1/logs/placement/7-global.log}"

Fri Sep 22 05:32:00 UTC 2023 - Executing "{sed -i.bak -e {s/\(set ::env(CURRENT_NETLIST)\).*/\1 \/openlane\/designs\/stdp\/runs\/run1\/tmp\/placement\/7-global.nl.v/} /openlane/designs/stdp/runs/run1/config.tcl}"

Fri Sep 22 05:32:00 UTC 2023 - Executing "openroad -exit /openlane/scripts/openroad/sta/multi_corner.tcl |& tee /dev/null /openlane/designs/stdp/runs/run1/logs/placement/8-gpl_sta.log"

Fri Sep 22 05:32:00 UTC 2023 - Executing "{openroad -exit /openlane/scripts/openroad/sta/multi_corner.tcl |& tee /dev/null /openlane/designs/stdp/runs/run1/logs/placement/8-gpl_sta.log}"

Fri Sep 22 05:32:00 UTC 2023 - Executing "openroad -exit /openlane/scripts/openroad/resizer.tcl |& tee /dev/null /openlane/designs/stdp/runs/run1/logs/placement/9-resizer.log"

Fri Sep 22 05:32:00 UTC 2023 - Executing "{openroad -exit /openlane/scripts/openroad/resizer.tcl |& tee /dev/null /openlane/designs/stdp/runs/run1/logs/placement/9-resizer.log}"

Fri Sep 22 05:32:02 UTC 2023 - Executing "{sed -i.bak -e {s/\(set ::env(CURRENT_NETLIST)\).*/\1 \/openlane\/designs\/stdp\/runs\/run1\/tmp\/placement\/9-resizer.nl.v/} /openlane/designs/stdp/runs/run1/config.tcl}"

Fri Sep 22 05:32:03 UTC 2023 - Executing "openroad -exit /openlane/scripts/openroad/dpl.tcl |& tee /dev/null /openlane/designs/stdp/runs/run1/logs/placement/10-detailed.log"

Fri Sep 22 05:32:03 UTC 2023 - Executing "{openroad -exit /openlane/scripts/openroad/dpl.tcl |& tee /dev/null /openlane/designs/stdp/runs/run1/logs/placement/10-detailed.log}"

Fri Sep 22 05:32:03 UTC 2023 - Executing "{sed -i.bak -e {s/\(set ::env(CURRENT_NETLIST)\).*/\1 \/openlane\/designs\/stdp\/runs\/run1\/results\/placement\/stdp.nl.v/} /openlane/designs/stdp/runs/run1/config.tcl}"

Fri Sep 22 05:32:03 UTC 2023 - Executing "openroad -exit /openlane/scripts/openroad/sta/multi_corner.tcl |& tee /dev/null /openlane/designs/stdp/runs/run1/logs/placement/11-dpl_sta.log"

Fri Sep 22 05:32:03 UTC 2023 - Executing "{openroad -exit /openlane/scripts/openroad/sta/multi_corner.tcl |& tee /dev/null /openlane/designs/stdp/runs/run1/logs/placement/11-dpl_sta.log}"

Fri Sep 22 05:32:04 UTC 2023 - Executing "openroad -exit /openlane/scripts/openroad/cts.tcl |& tee /dev/null /openlane/designs/stdp/runs/run1/logs/cts/12-cts.log"

Fri Sep 22 05:32:04 UTC 2023 - Executing "{openroad -exit /openlane/scripts/openroad/cts.tcl |& tee /dev/null /openlane/designs/stdp/runs/run1/logs/cts/12-cts.log}"

Fri Sep 22 05:32:40 UTC 2023 - Executing "openroad -exit /openlane/scripts/openroad/sta/multi_corner.tcl |& tee /dev/null /openlane/designs/stdp/runs/run1/logs/cts/13-cts_sta.log"

Fri Sep 22 05:32:40 UTC 2023 - Executing "{openroad -exit /openlane/scripts/openroad/sta/multi_corner.tcl |& tee /dev/null /openlane/designs/stdp/runs/run1/logs/cts/13-cts_sta.log}"

Fri Sep 22 05:32:41 UTC 2023 - Executing "openroad -exit /openlane/scripts/openroad/resizer_timing.tcl |& tee /dev/null /openlane/designs/stdp/runs/run1/logs/cts/14-resizer.log"

Fri Sep 22 05:32:41 UTC 2023 - Executing "{openroad -exit /openlane/scripts/openroad/resizer_timing.tcl |& tee /dev/null /openlane/designs/stdp/runs/run1/logs/cts/14-resizer.log}"

Fri Sep 22 05:32:43 UTC 2023 - Executing "{sed -i.bak -e {s/\(set ::env(CURRENT_NETLIST)\).*/\1 \/openlane\/designs\/stdp\/runs\/run1\/tmp\/cts\/14-stdp.resized.nl.v/} /openlane/designs/stdp/runs/run1/config.tcl}"

Fri Sep 22 05:32:43 UTC 2023 - Executing "openroad -exit /openlane/scripts/openroad/resizer_routing_design.tcl |& tee /dev/null /openlane/designs/stdp/runs/run1/logs/routing/15-resizer_design.log"

Fri Sep 22 05:32:43 UTC 2023 - Executing "{openroad -exit /openlane/scripts/openroad/resizer_routing_design.tcl |& tee /dev/null /openlane/designs/stdp/runs/run1/logs/routing/15-resizer_design.log}"

Fri Sep 22 05:32:45 UTC 2023 - Executing "{sed -i.bak -e {s/\(set ::env(CURRENT_NETLIST)\).*/\1 \/openlane\/designs\/stdp\/runs\/run1\/tmp\/15-stdp.nl.v/} /openlane/designs/stdp/runs/run1/config.tcl}"

Fri Sep 22 05:32:45 UTC 2023 - Executing "openroad -exit /openlane/scripts/openroad/sta/multi_corner.tcl |& tee /dev/null /openlane/designs/stdp/runs/run1/logs/routing/16-rsz_design_sta.log"

Fri Sep 22 05:32:45 UTC 2023 - Executing "{openroad -exit /openlane/scripts/openroad/sta/multi_corner.tcl |& tee /dev/null /openlane/designs/stdp/runs/run1/logs/routing/16-rsz_design_sta.log}"

Fri Sep 22 05:32:45 UTC 2023 - Executing "openroad -exit /openlane/scripts/openroad/resizer_routing_timing.tcl |& tee /dev/null /openlane/designs/stdp/runs/run1/logs/routing/17-resizer_timing.log"

Fri Sep 22 05:32:45 UTC 2023 - Executing "{openroad -exit /openlane/scripts/openroad/resizer_routing_timing.tcl |& tee /dev/null /openlane/designs/stdp/runs/run1/logs/routing/17-resizer_timing.log}"

Fri Sep 22 05:32:47 UTC 2023 - Executing "{sed -i.bak -e {s/\(set ::env(CURRENT_NETLIST)\).*/\1 \/openlane\/designs\/stdp\/runs\/run1\/tmp\/17-stdp.nl.v/} /openlane/designs/stdp/runs/run1/config.tcl}"

Fri Sep 22 05:32:47 UTC 2023 - Executing "openroad -exit /openlane/scripts/openroad/sta/multi_corner.tcl |& tee /dev/null /openlane/designs/stdp/runs/run1/logs/routing/18-rsz_timing_sta.log"

Fri Sep 22 05:32:47 UTC 2023 - Executing "{openroad -exit /openlane/scripts/openroad/sta/multi_corner.tcl |& tee /dev/null /openlane/designs/stdp/runs/run1/logs/routing/18-rsz_timing_sta.log}"

Fri Sep 22 05:32:48 UTC 2023 - Executing "openroad -exit /openlane/scripts/openroad/repair_antennas.tcl |& tee /dev/null /openlane/designs/stdp/runs/run1/logs/routing/19-global.log"

Fri Sep 22 05:32:48 UTC 2023 - Executing "{openroad -exit /openlane/scripts/openroad/repair_antennas.tcl |& tee /dev/null /openlane/designs/stdp/runs/run1/logs/routing/19-global.log}"

Fri Sep 22 05:32:48 UTC 2023 - Executing "openroad -exit /openlane/scripts/openroad/write_views.tcl |& tee /dev/null /openlane/designs/stdp/runs/run1/logs/routing/19-global_write_netlist.log"

Fri Sep 22 05:32:48 UTC 2023 - Executing "{openroad -exit /openlane/scripts/openroad/write_views.tcl |& tee /dev/null /openlane/designs/stdp/runs/run1/logs/routing/19-global_write_netlist.log}"

Fri Sep 22 05:32:49 UTC 2023 - Executing "{sed -i.bak -e {s/\(set ::env(CURRENT_NETLIST)\).*/\1 \/openlane\/designs\/stdp\/runs\/run1\/tmp\/routing\/global.nl.v/} /openlane/designs/stdp/runs/run1/config.tcl}"

Fri Sep 22 05:32:49 UTC 2023 - Executing "openroad -exit /openlane/scripts/openroad/sta/multi_corner.tcl |& tee /dev/null /openlane/designs/stdp/runs/run1/logs/routing/21-grt_sta.log"

Fri Sep 22 05:32:49 UTC 2023 - Executing "{openroad -exit /openlane/scripts/openroad/sta/multi_corner.tcl |& tee /dev/null /openlane/designs/stdp/runs/run1/logs/routing/21-grt_sta.log}"

Fri Sep 22 05:32:50 UTC 2023 - Executing "openroad -exit /openlane/scripts/openroad/fill.tcl |& tee /dev/null /openlane/designs/stdp/runs/run1/logs/routing/22-fill.log"

Fri Sep 22 05:32:50 UTC 2023 - Executing "{openroad -exit /openlane/scripts/openroad/fill.tcl |& tee /dev/null /openlane/designs/stdp/runs/run1/logs/routing/22-fill.log}"

Fri Sep 22 05:32:50 UTC 2023 - Executing "{sed -i.bak -e {s/\(set ::env(CURRENT_NETLIST)\).*/\1 \/openlane\/designs\/stdp\/runs\/run1\/tmp\/routing\/22-fill.nl.v/} /openlane/designs/stdp/runs/run1/config.tcl}"

Fri Sep 22 05:32:50 UTC 2023 - Executing "openroad -exit /openlane/scripts/openroad/droute.tcl |& tee /dev/null /openlane/designs/stdp/runs/run1/logs/routing/23-detailed.log"

Fri Sep 22 05:32:50 UTC 2023 - Executing "{openroad -exit /openlane/scripts/openroad/droute.tcl |& tee /dev/null /openlane/designs/stdp/runs/run1/logs/routing/23-detailed.log}"

Fri Sep 22 05:32:59 UTC 2023 - Executing "{sed -i.bak -e {s/\(set ::env(CURRENT_NETLIST)\).*/\1 \/openlane\/designs\/stdp\/runs\/run1\/results\/routing\/stdp.nl.v/} /openlane/designs/stdp/runs/run1/config.tcl}"

Fri Sep 22 05:32:59 UTC 2023 - Executing "{python3 /openlane/scripts/drc_rosetta.py tr to_klayout -o /openlane/designs/stdp/runs/run1/reports/routing/drt.klayout.xml --design-name stdp /openlane/designs/stdp/runs/run1/reports/routing/drt.drc}"

Fri Sep 22 05:32:59 UTC 2023 - Executing "{openroad -exit -no_init -python /openlane/scripts/odbpy/wire_lengths.py --report-out /openlane/designs/stdp/runs/run1/reports/routing/24-wire_lengths.csv --input-lef /openlane/designs/stdp/runs/run1/tmp/merged.nom.lef --output-def /dev/null --output /openlane/designs/stdp/runs/run1/results/routing/stdp.odb /openlane/designs/stdp/runs/run1/results/routing/stdp.odb |& tee /dev/null /openlane/designs/stdp/runs/run1/logs/routing/24-wire_lengths.log}"

Fri Sep 22 05:32:59 UTC 2023 - Executing "openroad -exit /openlane/scripts/openroad/rcx.tcl |& tee /dev/null /openlane/designs/stdp/runs/run1/logs/signoff/25-parasitics_extraction.min.log"

Fri Sep 22 05:32:59 UTC 2023 - Executing "{openroad -exit /openlane/scripts/openroad/rcx.tcl |& tee /dev/null /openlane/designs/stdp/runs/run1/logs/signoff/25-parasitics_extraction.min.log}"

Fri Sep 22 05:33:00 UTC 2023 - Executing "sta -exit -no_init /openlane/scripts/openroad/sta/multi_corner.tcl |& tee /dev/null /openlane/designs/stdp/runs/run1/logs/signoff/26-rcx_mcsta.min.log"

Fri Sep 22 05:33:00 UTC 2023 - Executing "{sta -exit -no_init /openlane/scripts/openroad/sta/multi_corner.tcl |& tee /dev/null /openlane/designs/stdp/runs/run1/logs/signoff/26-rcx_mcsta.min.log}"

Fri Sep 22 05:33:02 UTC 2023 - Executing "openroad -exit /openlane/scripts/openroad/rcx.tcl |& tee /dev/null /openlane/designs/stdp/runs/run1/logs/signoff/27-parasitics_extraction.max.log"

Fri Sep 22 05:33:02 UTC 2023 - Executing "{openroad -exit /openlane/scripts/openroad/rcx.tcl |& tee /dev/null /openlane/designs/stdp/runs/run1/logs/signoff/27-parasitics_extraction.max.log}"

Fri Sep 22 05:33:03 UTC 2023 - Executing "sta -exit -no_init /openlane/scripts/openroad/sta/multi_corner.tcl |& tee /dev/null /openlane/designs/stdp/runs/run1/logs/signoff/28-rcx_mcsta.max.log"

Fri Sep 22 05:33:03 UTC 2023 - Executing "{sta -exit -no_init /openlane/scripts/openroad/sta/multi_corner.tcl |& tee /dev/null /openlane/designs/stdp/runs/run1/logs/signoff/28-rcx_mcsta.max.log}"

Fri Sep 22 05:33:04 UTC 2023 - Executing "openroad -exit /openlane/scripts/openroad/rcx.tcl |& tee /dev/null /openlane/designs/stdp/runs/run1/logs/signoff/29-parasitics_extraction.nom.log"

Fri Sep 22 05:33:04 UTC 2023 - Executing "{openroad -exit /openlane/scripts/openroad/rcx.tcl |& tee /dev/null /openlane/designs/stdp/runs/run1/logs/signoff/29-parasitics_extraction.nom.log}"

Fri Sep 22 05:33:05 UTC 2023 - Executing "sta -exit -no_init /openlane/scripts/openroad/sta/multi_corner.tcl |& tee /dev/null /openlane/designs/stdp/runs/run1/logs/signoff/30-rcx_mcsta.nom.log"

Fri Sep 22 05:33:05 UTC 2023 - Executing "{sta -exit -no_init /openlane/scripts/openroad/sta/multi_corner.tcl |& tee /dev/null /openlane/designs/stdp/runs/run1/logs/signoff/30-rcx_mcsta.nom.log}"

Fri Sep 22 05:33:07 UTC 2023 - Executing "openroad -exit /openlane/scripts/openroad/irdrop.tcl |& tee /dev/null /openlane/designs/stdp/runs/run1/logs/signoff/31-irdrop.log"

Fri Sep 22 05:33:07 UTC 2023 - Executing "{openroad -exit /openlane/scripts/openroad/irdrop.tcl |& tee /dev/null /openlane/designs/stdp/runs/run1/logs/signoff/31-irdrop.log}"

Fri Sep 22 05:33:08 UTC 2023 - Executing "magic -noconsole -dnull -rcfile /home/bar/.volare/sky130A/libs.tech/magic/sky130A.magicrc < /openlane/scripts/magic/wrapper.tcl |& tee /dev/null /openlane/designs/stdp/runs/run1/logs/signoff/32-gdsii.log"

Fri Sep 22 05:33:08 UTC 2023 - Executing "{magic -noconsole -dnull -rcfile /home/bar/.volare/sky130A/libs.tech/magic/sky130A.magicrc < /openlane/scripts/magic/wrapper.tcl |& tee /dev/null /openlane/designs/stdp/runs/run1/logs/signoff/32-gdsii.log}"

Fri Sep 22 05:33:09 UTC 2023 - Executing "magic -noconsole -dnull -rcfile /home/bar/.volare/sky130A/libs.tech/magic/sky130A.magicrc < /openlane/scripts/magic/wrapper.tcl |& tee /dev/null /openlane/designs/stdp/runs/run1/logs/signoff/32-gds_ptrs.log"

Fri Sep 22 05:33:09 UTC 2023 - Executing "{magic -noconsole -dnull -rcfile /home/bar/.volare/sky130A/libs.tech/magic/sky130A.magicrc < /openlane/scripts/magic/wrapper.tcl |& tee /dev/null /openlane/designs/stdp/runs/run1/logs/signoff/32-gds_ptrs.log}"

Fri Sep 22 05:33:09 UTC 2023 - Executing "{sed -i.bak -n {/^<< properties >>/,/^<< end >>/p} /openlane/designs/stdp/runs/run1/tmp/signoff/gds_ptrs.mag}"

Fri Sep 22 05:33:09 UTC 2023 - Executing "magic -noconsole -dnull -rcfile /home/bar/.volare/sky130A/libs.tech/magic/sky130A.magicrc < /openlane/scripts/magic/wrapper.tcl |& tee /dev/null /openlane/designs/stdp/runs/run1/logs/signoff/32-lef.log"

Fri Sep 22 05:33:09 UTC 2023 - Executing "{magic -noconsole -dnull -rcfile /home/bar/.volare/sky130A/libs.tech/magic/sky130A.magicrc < /openlane/scripts/magic/wrapper.tcl |& tee /dev/null /openlane/designs/stdp/runs/run1/logs/signoff/32-lef.log}"

Fri Sep 22 05:33:10 UTC 2023 - Executing "magic -noconsole -dnull -rcfile /home/bar/.volare/sky130A/libs.tech/magic/sky130A.magicrc < /openlane/scripts/magic/wrapper.tcl |& tee /dev/null /openlane/designs/stdp/runs/run1/logs/signoff/32-maglef.log"

Fri Sep 22 05:33:10 UTC 2023 - Executing "{magic -noconsole -dnull -rcfile /home/bar/.volare/sky130A/libs.tech/magic/sky130A.magicrc < /openlane/scripts/magic/wrapper.tcl |& tee /dev/null /openlane/designs/stdp/runs/run1/logs/signoff/32-maglef.log}"

Fri Sep 22 05:33:10 UTC 2023 - Executing "{python3 /openlane/scripts/klayout/stream_out.py --output /openlane/designs/stdp/runs/run1/results/signoff/stdp.klayout.gds --lyt /home/bar/.volare/sky130A/libs.tech/klayout/tech/sky130A.lyt --lym /home/bar/.volare/sky130A/libs.tech/klayout/tech/sky130A.map --lyp /home/bar/.volare/sky130A/libs.tech/klayout/tech/sky130A.lyp --top stdp --with-gds-file /home/bar/.volare/sky130A/libs.ref/sky130_fd_sc_hd/gds/sky130_fd_sc_hd.gds --input-lef /openlane/designs/stdp/runs/run1/tmp/merged.nom.lef /openlane/designs/stdp/runs/run1/results/routing/stdp.def |& tee /dev/null /openlane/designs/stdp/runs/run1/logs/signoff/33-gdsii-klayout.log}"

Fri Sep 22 05:33:11 UTC 2023 - Executing "{klayout -b -r /openlane/scripts/klayout/xor.drc -rd a=/openlane/designs/stdp/runs/run1/results/signoff/stdp.gds -rd b=/openlane/designs/stdp/runs/run1/results/signoff/stdp.klayout.gds -rd jobs=1 -rd rdb_out=/openlane/designs/stdp/runs/run1/reports/signoff/34-xor.xml -rd ignore=81/14 -rd rpt_out=/openlane/designs/stdp/runs/run1/reports/signoff/34-xor.rpt |& tee /dev/null /openlane/designs/stdp/runs/run1/logs/signoff/34-xor.log}"

Fri Sep 22 05:33:11 UTC 2023 - Executing "magic -noconsole -dnull -rcfile /home/bar/.volare/sky130A/libs.tech/magic/sky130A.magicrc < /openlane/scripts/magic/wrapper.tcl |& tee /dev/null /openlane/designs/stdp/runs/run1/logs/signoff/35-spice.log"

Fri Sep 22 05:33:11 UTC 2023 - Executing "{magic -noconsole -dnull -rcfile /home/bar/.volare/sky130A/libs.tech/magic/sky130A.magicrc < /openlane/scripts/magic/wrapper.tcl |& tee /dev/null /openlane/designs/stdp/runs/run1/logs/signoff/35-spice.log}"

Fri Sep 22 05:33:12 UTC 2023 - Executing "{openroad -exit -no_init -python /openlane/scripts/odbpy/power_utils.py write_powered_def --output /openlane/designs/stdp/runs/run1/tmp/signoff/35-stdp.p.def --input-lef /openlane/designs/stdp/runs/run1/tmp/merged.nom.lef --power-port VPWR --ground-port VGND --powered-netlist {} /openlane/designs/stdp/runs/run1/results/routing/stdp.def |& tee /dev/null /openlane/designs/stdp/runs/run1/logs/signoff/36-write_powered_def.log}"

Fri Sep 22 05:33:13 UTC 2023 - Executing "openroad -exit /openlane/scripts/openroad/write_views.tcl |& tee /dev/null /openlane/designs/stdp/runs/run1/logs/signoff/36-write_powered_verilog.log"

Fri Sep 22 05:33:13 UTC 2023 - Executing "{openroad -exit /openlane/scripts/openroad/write_views.tcl |& tee /dev/null /openlane/designs/stdp/runs/run1/logs/signoff/36-write_powered_verilog.log}"

Fri Sep 22 05:33:13 UTC 2023 - Executing "{sed -i.bak -e {s/\(set ::env(CURRENT_NETLIST)\).*/\1 \/openlane\/designs\/stdp\/runs\/run1\/tmp\/signoff\/35-stdp.nl.v/} /openlane/designs/stdp/runs/run1/config.tcl}"

Fri Sep 22 05:33:13 UTC 2023 - Executing "{netgen -batch source /openlane/designs/stdp/runs/run1/tmp/signoff/38-setup_file.lef.lvs |& tee /dev/null /openlane/designs/stdp/runs/run1/logs/signoff/38-lvs.lef.log}"

Fri Sep 22 05:33:14 UTC 2023 - Executing "magic -noconsole -dnull -rcfile /home/bar/.volare/sky130A/libs.tech/magic/sky130A.magicrc < /openlane/scripts/magic/wrapper.tcl |& tee /dev/null /openlane/designs/stdp/runs/run1/logs/signoff/39-drc.log"

Fri Sep 22 05:33:14 UTC 2023 - Executing "{magic -noconsole -dnull -rcfile /home/bar/.volare/sky130A/libs.tech/magic/sky130A.magicrc < /openlane/scripts/magic/wrapper.tcl |& tee /dev/null /openlane/designs/stdp/runs/run1/logs/signoff/39-drc.log}"

Fri Sep 22 05:33:15 UTC 2023 - Executing "{python3 /openlane/scripts/drc_rosetta.py magic to_tcl -o /openlane/designs/stdp/runs/run1/reports/signoff/drc.tcl /openlane/designs/stdp/runs/run1/reports/signoff/drc.rpt}"

Fri Sep 22 05:33:15 UTC 2023 - Executing "{python3 /openlane/scripts/drc_rosetta.py magic to_tr -o /openlane/designs/stdp/runs/run1/reports/signoff/drc.tr /openlane/designs/stdp/runs/run1/reports/signoff/drc.rpt}"

Fri Sep 22 05:33:15 UTC 2023 - Executing "{python3 /openlane/scripts/drc_rosetta.py tr to_klayout -o /openlane/designs/stdp/runs/run1/reports/signoff/drc.klayout.xml --design-name stdp /openlane/designs/stdp/runs/run1/reports/signoff/drc.tr}"

Fri Sep 22 05:33:15 UTC 2023 - Executing "{python3 /openlane/scripts/drc_rosetta.py magic to_rdb -o /openlane/designs/stdp/runs/run1/reports/signoff/drc.rdb /openlane/designs/stdp/runs/run1/reports/signoff/drc.rpt}"

Fri Sep 22 05:33:15 UTC 2023 - Executing "openroad -exit /openlane/scripts/openroad/antenna_check.tcl |& tee /dev/null /openlane/designs/stdp/runs/run1/logs/signoff/40-arc.log"

Fri Sep 22 05:33:15 UTC 2023 - Executing "{openroad -exit /openlane/scripts/openroad/antenna_check.tcl |& tee /dev/null /openlane/designs/stdp/runs/run1/logs/signoff/40-arc.log}"

Fri Sep 22 05:33:16 UTC 2023 - Executing "{python3 /openlane/scripts/extract_antenna_violators.py --output /openlane/designs/stdp/runs/run1/reports/signoff/40-antenna_violators.rpt --plain-out /openlane/designs/stdp/runs/run1/reports/signoff/40-antenna_violators_pins.txt /openlane/designs/stdp/runs/run1/logs/signoff/40-arc.log}"

Fri Sep 22 05:33:16 UTC 2023 - Executing "{python3 /openlane/scripts/write_runtime.py --conclude --seconds --time-in 1695360796 {flow completed}}"

Fri Sep 22 05:33:16 UTC 2023 - Executing "{python3 /openlane/scripts/generate_reports.py -d /openlane/designs/stdp --design_name stdp --tag run1 --output_file /openlane/designs/stdp/runs/run1/reports/metrics.csv --man_report /openlane/designs/stdp/runs/run1/reports/manufacturability.rpt --run_path /openlane/designs/stdp/runs/run1}"

