
===========================================================================
 report_power
============================================================================
======================= Fastest Corner ===================================

Group                  Internal  Switching    Leakage      Total
                          Power      Power      Power      Power (Watts)
----------------------------------------------------------------
Sequential             1.51e-04   1.85e-05   3.77e-10   1.69e-04  37.3%
Combinational          1.56e-04   1.28e-04   1.58e-09   2.85e-04  62.7%
Macro                  0.00e+00   0.00e+00   0.00e+00   0.00e+00   0.0%
Pad                    0.00e+00   0.00e+00   0.00e+00   0.00e+00   0.0%
----------------------------------------------------------------
Total                  3.07e-04   1.47e-04   1.96e-09   4.54e-04 100.0%
                          67.7%      32.3%       0.0%

======================= Slowest Corner ===================================

Group                  Internal  Switching    Leakage      Total
                          Power      Power      Power      Power (Watts)
----------------------------------------------------------------
Sequential             1.01e-04   1.19e-05   3.81e-07   1.13e-04  36.6%
Combinational          1.12e-04   8.37e-05   7.81e-07   1.97e-04  63.4%
Macro                  0.00e+00   0.00e+00   0.00e+00   0.00e+00   0.0%
Pad                    0.00e+00   0.00e+00   0.00e+00   0.00e+00   0.0%
----------------------------------------------------------------
Total                  2.13e-04   9.56e-05   1.16e-06   3.10e-04 100.0%
                          68.8%      30.8%       0.4%

======================= Typical Corner ===================================

Group                  Internal  Switching    Leakage      Total
                          Power      Power      Power      Power (Watts)
----------------------------------------------------------------
Sequential             1.29e-04   1.54e-05   2.19e-10   1.45e-04  37.1%
Combinational          1.37e-04   1.08e-04   8.58e-10   2.45e-04  62.9%
Macro                  0.00e+00   0.00e+00   0.00e+00   0.00e+00   0.0%
Pad                    0.00e+00   0.00e+00   0.00e+00   0.00e+00   0.0%
----------------------------------------------------------------
Total                  2.67e-04   1.23e-04   1.08e-09   3.90e-04 100.0%
                          68.4%      31.6%       0.0%

