
61. Printing statistics.

=== stdp ===

   Number of wires:                121
   Number of wire bits:            142
   Number of public wires:          24
   Number of public wire bits:      45
   Number of memories:               0
   Number of memory bits:            0
   Number of processes:              0
   Number of cells:                123
     sky130_fd_sc_hd__a21bo_2        1
     sky130_fd_sc_hd__a21o_2         3
     sky130_fd_sc_hd__a21oi_2        3
     sky130_fd_sc_hd__a221o_2        1
     sky130_fd_sc_hd__a311o_2        1
     sky130_fd_sc_hd__a31o_2         1
     sky130_fd_sc_hd__and2_2         1
     sky130_fd_sc_hd__and2b_2        7
     sky130_fd_sc_hd__and4b_2        1
     sky130_fd_sc_hd__buf_1         23
     sky130_fd_sc_hd__dfxtp_2       26
     sky130_fd_sc_hd__inv_2          2
     sky130_fd_sc_hd__mux2_2        22
     sky130_fd_sc_hd__nand2_2        2
     sky130_fd_sc_hd__nor2_2         5
     sky130_fd_sc_hd__o21a_2         2
     sky130_fd_sc_hd__o21ai_2        2
     sky130_fd_sc_hd__o21ba_2        1
     sky130_fd_sc_hd__o22a_2         2
     sky130_fd_sc_hd__or2_2          5
     sky130_fd_sc_hd__or2b_2         5
     sky130_fd_sc_hd__xnor2_2        4
     sky130_fd_sc_hd__xor2_2         3

   Chip area for module '\stdp': 1366.310400

