
===========================================================================
report_checks -unconstrained
===========================================================================
======================= Fastest Corner ===================================

Startpoint: spk_pre (input port clocked by clk)
Endpoint: _202_ (rising edge-triggered flip-flop clocked by clk)
Path Group: clk
Path Type: max
Corner: Fastest

Fanout     Cap    Slew   Delay    Time   Description
-----------------------------------------------------------------------------
                  0.15    0.00    0.00   clock clk (rise edge)
                          0.00    0.00   clock network delay (ideal)
                          2.00    2.00 v input external delay
                  0.01    0.00    2.00 v spk_pre (in)
     1    0.00                           spk_pre (net)
                  0.01    0.00    2.00 v input2/A (sky130_fd_sc_hd__clkbuf_4)
                  0.09    0.14    2.15 v input2/X (sky130_fd_sc_hd__clkbuf_4)
     9    0.06                           net2 (net)
                  0.09    0.01    2.15 v _113_/A (sky130_fd_sc_hd__nor2_1)
                  0.15    0.16    2.32 ^ _113_/Y (sky130_fd_sc_hd__nor2_1)
     3    0.01                           _087_ (net)
                  0.15    0.00    2.32 ^ _114_/B (sky130_fd_sc_hd__nor2_1)
                  0.05    0.05    2.37 v _114_/Y (sky130_fd_sc_hd__nor2_1)
     2    0.01                           _088_ (net)
                  0.05    0.00    2.37 v _115_/A0 (sky130_fd_sc_hd__mux2_1)
                  0.04    0.16    2.53 v _115_/X (sky130_fd_sc_hd__mux2_1)
     1    0.00                           _089_ (net)
                  0.04    0.00    2.53 v _116_/A (sky130_fd_sc_hd__clkbuf_1)
                  0.02    0.07    2.60 v _116_/X (sky130_fd_sc_hd__clkbuf_1)
     1    0.00                           _008_ (net)
                  0.02    0.00    2.60 v _202_/D (sky130_fd_sc_hd__dfxtp_1)
                                  2.60   data arrival time

                  0.15   10.00   10.00   clock clk (rise edge)
                          0.00   10.00   clock network delay (ideal)
                         -0.25    9.75   clock uncertainty
                          0.00    9.75   clock reconvergence pessimism
                                  9.75 ^ _202_/CLK (sky130_fd_sc_hd__dfxtp_1)
                         -0.06    9.69   library setup time
                                  9.69   data required time
-----------------------------------------------------------------------------
                                  9.69   data required time
                                 -2.60   data arrival time
-----------------------------------------------------------------------------
                                  7.10   slack (MET)



======================= Slowest Corner ===================================

Startpoint: _194_ (rising edge-triggered flip-flop clocked by clk)
Endpoint: _211_ (rising edge-triggered flip-flop clocked by clk)
Path Group: clk
Path Type: max
Corner: Slowest

Fanout     Cap    Slew   Delay    Time   Description
-----------------------------------------------------------------------------
                  0.15    0.00    0.00   clock clk (rise edge)
                          0.00    0.00   clock network delay (ideal)
                  0.15    0.00    0.00 ^ _194_/CLK (sky130_fd_sc_hd__dfxtp_1)
                  0.13    0.75    0.75 ^ _194_/Q (sky130_fd_sc_hd__dfxtp_1)
     3    0.01                           time_step_pre[0] (net)
                  0.13    0.00    0.75 ^ _121_/B_N (sky130_fd_sc_hd__or2b_1)
                  0.15    0.62    1.37 v _121_/X (sky130_fd_sc_hd__or2b_1)
     3    0.01                           _093_ (net)
                  0.15    0.00    1.37 v _131_/A1 (sky130_fd_sc_hd__a21o_1)
                  0.13    0.41    1.78 v _131_/X (sky130_fd_sc_hd__a21o_1)
     3    0.01                           _030_ (net)
                  0.13    0.00    1.78 v _151_/A1 (sky130_fd_sc_hd__a311o_1)
                  0.21    0.70    2.48 v _151_/X (sky130_fd_sc_hd__a311o_1)
     3    0.02                           _048_ (net)
                  0.21    0.00    2.48 v _167_/B1 (sky130_fd_sc_hd__a221o_1)
                  0.17    0.71    3.19 v _167_/X (sky130_fd_sc_hd__a221o_1)
     2    0.01                           _062_ (net)
                  0.17    0.00    3.19 v _172_/A2 (sky130_fd_sc_hd__a21o_1)
                  0.09    0.40    3.60 v _172_/X (sky130_fd_sc_hd__a21o_1)
     2    0.01                           _066_ (net)
                  0.09    0.00    3.60 v _174_/A1 (sky130_fd_sc_hd__a21oi_1)
                  0.15    0.20    3.80 ^ _174_/Y (sky130_fd_sc_hd__a21oi_1)
     1    0.00                           _068_ (net)
                  0.15    0.00    3.80 ^ _175_/B1 (sky130_fd_sc_hd__o21ai_1)
                  0.18    0.24    4.04 v _175_/Y (sky130_fd_sc_hd__o21ai_1)
     1    0.01                           _069_ (net)
                  0.18    0.00    4.04 v _176_/A1 (sky130_fd_sc_hd__mux2_1)
                  0.13    0.75    4.79 v _176_/X (sky130_fd_sc_hd__mux2_1)
     1    0.00                           _070_ (net)
                  0.13    0.00    4.79 v _177_/A (sky130_fd_sc_hd__clkbuf_1)
                  0.05    0.19    4.99 v _177_/X (sky130_fd_sc_hd__clkbuf_1)
     1    0.00                           _017_ (net)
                  0.05    0.00    4.99 v _211_/D (sky130_fd_sc_hd__dfxtp_1)
                                  4.99   data arrival time

                  0.15   10.00   10.00   clock clk (rise edge)
                          0.00   10.00   clock network delay (ideal)
                         -0.25    9.75   clock uncertainty
                          0.00    9.75   clock reconvergence pessimism
                                  9.75 ^ _211_/CLK (sky130_fd_sc_hd__dfxtp_1)
                         -0.24    9.51   library setup time
                                  9.51   data required time
-----------------------------------------------------------------------------
                                  9.51   data required time
                                 -4.99   data arrival time
-----------------------------------------------------------------------------
                                  4.53   slack (MET)



======================= Typical Corner ===================================

Startpoint: spk_pre (input port clocked by clk)
Endpoint: _202_ (rising edge-triggered flip-flop clocked by clk)
Path Group: clk
Path Type: max
Corner: Typical

Fanout     Cap    Slew   Delay    Time   Description
-----------------------------------------------------------------------------
                  0.15    0.00    0.00   clock clk (rise edge)
                          0.00    0.00   clock network delay (ideal)
                          2.00    2.00 v input external delay
                  0.01    0.01    2.01 v spk_pre (in)
     1    0.00                           spk_pre (net)
                  0.01    0.00    2.01 v input2/A (sky130_fd_sc_hd__clkbuf_4)
                  0.12    0.21    2.22 v input2/X (sky130_fd_sc_hd__clkbuf_4)
     9    0.06                           net2 (net)
                  0.12    0.01    2.22 v _113_/A (sky130_fd_sc_hd__nor2_1)
                  0.21    0.23    2.46 ^ _113_/Y (sky130_fd_sc_hd__nor2_1)
     3    0.01                           _087_ (net)
                  0.21    0.00    2.46 ^ _114_/B (sky130_fd_sc_hd__nor2_1)
                  0.07    0.10    2.56 v _114_/Y (sky130_fd_sc_hd__nor2_1)
     2    0.01                           _088_ (net)
                  0.07    0.00    2.56 v _115_/A0 (sky130_fd_sc_hd__mux2_1)
                  0.06    0.30    2.86 v _115_/X (sky130_fd_sc_hd__mux2_1)
     1    0.00                           _089_ (net)
                  0.06    0.00    2.86 v _116_/A (sky130_fd_sc_hd__clkbuf_1)
                  0.03    0.10    2.97 v _116_/X (sky130_fd_sc_hd__clkbuf_1)
     1    0.00                           _008_ (net)
                  0.03    0.00    2.97 v _202_/D (sky130_fd_sc_hd__dfxtp_1)
                                  2.97   data arrival time

                  0.15   10.00   10.00   clock clk (rise edge)
                          0.00   10.00   clock network delay (ideal)
                         -0.25    9.75   clock uncertainty
                          0.00    9.75   clock reconvergence pessimism
                                  9.75 ^ _202_/CLK (sky130_fd_sc_hd__dfxtp_1)
                         -0.08    9.67   library setup time
                                  9.67   data required time
-----------------------------------------------------------------------------
                                  9.67   data required time
                                 -2.97   data arrival time
-----------------------------------------------------------------------------
                                  6.70   slack (MET)




===========================================================================
report_checks --slack_max -0.01
============================================================================
======================= Fastest Corner ===================================

No paths found.

======================= Slowest Corner ===================================

No paths found.

======================= Typical Corner ===================================

No paths found.


===========================================================================
 report_check_types -max_slew -max_cap -max_fanout -violators
============================================================================
======================= Fastest Corner ===================================


max slew violations count Fastest: 0
max fanout violations count Fastest: 0
max cap violations count Fastest: 0
======================= Slowest Corner ===================================


max slew violations count Slowest: 0
max fanout violations count Slowest: 0
max cap violations count Slowest: 0
======================= Typical Corner ===================================


max slew violations count Typical: 0
max fanout violations count Typical: 0
max cap violations count Typical: 0

===========================================================================
report_parasitic_annotation -report_unannotated
============================================================================
Found 0 unannotated drivers.
Found 0 partially unannotated drivers.

===========================================================================
max slew violation count 0
max fanout violation count 0
max cap violation count 0
============================================================================

===========================================================================
check_setup -verbose -unconstrained_endpoints -multiple_clock -no_clock -no_input_delay -loops -generated_clocks
===========================================================================
