
===========================================================================
 report_power
============================================================================
======================= Fastest Corner ===================================

Group                  Internal  Switching    Leakage      Total
                          Power      Power      Power      Power (Watts)
----------------------------------------------------------------
Sequential             1.51e-04   2.00e-05   3.77e-10   1.71e-04  37.0%
Combinational          1.57e-04   1.35e-04   1.58e-09   2.91e-04  63.0%
Macro                  0.00e+00   0.00e+00   0.00e+00   0.00e+00   0.0%
Pad                    0.00e+00   0.00e+00   0.00e+00   0.00e+00   0.0%
----------------------------------------------------------------
Total                  3.07e-04   1.55e-04   1.96e-09   4.62e-04 100.0%
                          66.5%      33.5%       0.0%

======================= Slowest Corner ===================================

Group                  Internal  Switching    Leakage      Total
                          Power      Power      Power      Power (Watts)
----------------------------------------------------------------
Sequential             1.01e-04   1.30e-05   3.81e-07   1.14e-04  36.3%
Combinational          1.12e-04   8.80e-05   7.81e-07   2.01e-04  63.7%
Macro                  0.00e+00   0.00e+00   0.00e+00   0.00e+00   0.0%
Pad                    0.00e+00   0.00e+00   0.00e+00   0.00e+00   0.0%
----------------------------------------------------------------
Total                  2.13e-04   1.01e-04   1.16e-06   3.16e-04 100.0%
                          67.6%      32.0%       0.4%

======================= Typical Corner ===================================

Group                  Internal  Switching    Leakage      Total
                          Power      Power      Power      Power (Watts)
----------------------------------------------------------------
Sequential             1.29e-04   1.67e-05   2.19e-10   1.46e-04  36.8%
Combinational          1.38e-04   1.13e-04   8.58e-10   2.51e-04  63.2%
Macro                  0.00e+00   0.00e+00   0.00e+00   0.00e+00   0.0%
Pad                    0.00e+00   0.00e+00   0.00e+00   0.00e+00   0.0%
----------------------------------------------------------------
Total                  2.67e-04   1.30e-04   1.08e-09   3.97e-04 100.0%
                          67.2%      32.8%       0.0%

