
===========================================================================
 report_power
============================================================================
======================= Fastest Corner ===================================

Group                  Internal  Switching    Leakage      Total
                          Power      Power      Power      Power (Watts)
----------------------------------------------------------------
Sequential             1.51e-04   1.93e-05   3.77e-10   1.70e-04  37.1%
Combinational          1.57e-04   1.32e-04   1.58e-09   2.88e-04  62.9%
Macro                  0.00e+00   0.00e+00   0.00e+00   0.00e+00   0.0%
Pad                    0.00e+00   0.00e+00   0.00e+00   0.00e+00   0.0%
----------------------------------------------------------------
Total                  3.07e-04   1.51e-04   1.96e-09   4.58e-04 100.0%
                          67.1%      32.9%       0.0%

======================= Slowest Corner ===================================

Group                  Internal  Switching    Leakage      Total
                          Power      Power      Power      Power (Watts)
----------------------------------------------------------------
Sequential             1.01e-04   1.25e-05   3.81e-07   1.14e-04  36.4%
Combinational          1.12e-04   8.59e-05   7.81e-07   1.99e-04  63.6%
Macro                  0.00e+00   0.00e+00   0.00e+00   0.00e+00   0.0%
Pad                    0.00e+00   0.00e+00   0.00e+00   0.00e+00   0.0%
----------------------------------------------------------------
Total                  2.13e-04   9.84e-05   1.16e-06   3.13e-04 100.0%
                          68.2%      31.4%       0.4%

======================= Typical Corner ===================================

Group                  Internal  Switching    Leakage      Total
                          Power      Power      Power      Power (Watts)
----------------------------------------------------------------
Sequential             1.29e-04   1.61e-05   2.19e-10   1.45e-04  36.9%
Combinational          1.38e-04   1.11e-04   8.58e-10   2.48e-04  63.1%
Macro                  0.00e+00   0.00e+00   0.00e+00   0.00e+00   0.0%
Pad                    0.00e+00   0.00e+00   0.00e+00   0.00e+00   0.0%
----------------------------------------------------------------
Total                  2.67e-04   1.27e-04   1.08e-09   3.94e-04 100.0%
                          67.8%      32.2%       0.0%

