OpenROAD 0a6d0fd469bc674417036342994520ee2e0a2727 
This program is licensed under the BSD-3 license. See the LICENSE file for details.
Components of this program may be licensed under more restrictive licenses which must be honored.
[INFO ODB-0222] Reading LEF file: /openlane/designs/stdp/runs/run1/tmp/merged.nom.lef
[INFO ODB-0223]     Created 13 technology layers
[INFO ODB-0224]     Created 25 technology vias
[INFO ODB-0225]     Created 442 library cells
[INFO ODB-0226] Finished LEF file:  /openlane/designs/stdp/runs/run1/tmp/merged.nom.lef
[INFO ODB-0127] Reading DEF file: /openlane/designs/stdp/runs/run1/tmp/signoff/35-stdp.p.def
[INFO ODB-0128] Design: stdp
[INFO ODB-0130]     Created 29 pins.
[INFO ODB-0131]     Created 392 components and 2000 component-terminals.
[INFO ODB-0132]     Created 2 special nets and 1506 connections.
[INFO ODB-0133]     Created 193 nets and 494 connections.
[INFO ODB-0134] Finished DEF file: /openlane/designs/stdp/runs/run1/tmp/signoff/35-stdp.p.def
define_corners Typical
read_liberty -corner Typical /home/bar/.volare/sky130A/libs.ref/sky130_fd_sc_hd/lib/sky130_fd_sc_hd__tt_025C_1v80.lib
Using 1e-12 for capacitance...
Using 1e+03 for resistance...
Using 1e-09 for time...
Using 1e+00 for voltage...
Using 1e-03 for current...
Using 1e-09 for power...
Using 1e-06 for distance...
Reading design constraints file at '/openlane/scripts/base.sdc'…
[INFO]: Setting output delay to: 2.0
[INFO]: Setting input delay to: 2.0
[INFO]: Setting load to: 0.033442
[INFO]: Setting clock uncertainty to: 0.25
[INFO]: Setting clock transition to: 0.15
[INFO]: Setting timing derate to: 5.0 %
[WARNING] Did not save OpenROAD database!
Writing netlist to '/openlane/designs/stdp/runs/run1/tmp/signoff/35-stdp.nl.v'…
Writing powered netlist to '/openlane/designs/stdp/runs/run1/tmp/signoff/35-stdp.pnl.v'…
