OpenROAD 0a6d0fd469bc674417036342994520ee2e0a2727 
This program is licensed under the BSD-3 license. See the LICENSE file for details.
Components of this program may be licensed under more restrictive licenses which must be honored.
[INFO ODB-0222] Reading LEF file: /openlane/designs/stdp/runs/run1/tmp/merged.nom.lef
[INFO ODB-0223]     Created 13 technology layers
[INFO ODB-0224]     Created 25 technology vias
[INFO ODB-0225]     Created 442 library cells
[INFO ODB-0226] Finished LEF file:  /openlane/designs/stdp/runs/run1/tmp/merged.nom.lef
[INFO ODB-0127] Reading DEF file: /openlane/designs/stdp/runs/run1/results/routing/stdp.def
[INFO ODB-0128] Design: stdp
[INFO ODB-0130]     Created 29 pins.
[INFO ODB-0131]     Created 392 components and 2000 component-terminals.
[INFO ODB-0132]     Created 2 special nets and 1506 connections.
[INFO ODB-0133]     Created 193 nets and 494 connections.
[INFO ODB-0134] Finished DEF file: /openlane/designs/stdp/runs/run1/results/routing/stdp.def
Top-level design name: stdp
Found default power net 'VPWR'
Found default ground net 'VGND'
Found 1 power ports.
Found 1 ground ports.
Modified power connections of 392/392 cells.
