Instance name, X location, Y location, Voltage
_185_, 54.3, 59.84, 6.41269e-06
input6, 54.3, 59.84, 6.41269e-06
input9, 54.3, 59.84, 6.41269e-06
input10, 54.3, 59.84, 6.41269e-06
input12, 54.3, 59.84, 6.41269e-06
FILLER_0_18_97, 54.3, 59.84, 6.41269e-06
_184_, 54.3, 54.4, 1.20106e-05
hold10, 54.3, 54.4, 1.20106e-05
hold16, 54.3, 48.96, 1.41076e-05
_192_, 54.3, 43.52, 1.23698e-05
input11, 54.3, 43.52, 1.23698e-05
input18, 54.3, 38.08, 2.4886e-05
hold18, 54.3, 38.08, 2.4886e-05
_173_, 54.3, 32.64, 1.62145e-05
_174_, 54.3, 32.64, 1.62145e-05
_175_, 54.3, 32.64, 1.62145e-05
hold12, 54.3, 32.64, 1.62145e-05
FILLER_0_9_93, 54.3, 32.64, 1.62145e-05
_162_, 54.3, 27.2, 9.92923e-06
_172_, 54.3, 27.2, 9.92923e-06
input1, 54.3, 27.2, 9.92923e-06
FILLER_0_6_100, 54.3, 27.2, 9.92923e-06
FILLER_0_7_101, 54.3, 27.2, 9.92923e-06
FILLER_0_5_107, 54.3, 21.76, 5.09055e-06
FILLER_0_2_104, 54.3, 16.32, 1.38598e-05
FILLER_0_3_107, 54.3, 16.32, 1.38598e-05
input7, 54.3, 10.88, 4.28101e-05
output21, 54.3, 10.88, 4.28101e-05
output25, 54.3, 10.88, 4.28101e-05
hold5, 54.3, 10.88, 4.28101e-05
FILLER_0_1_107, 54.3, 10.88, 4.28101e-05
_140_, 41.305, 59.84, 1.03929e-05
input14, 41.305, 59.84, 1.03929e-05
FILLER_0_17_77, 41.305, 59.84, 1.03929e-05
FILLER_0_18_65, 41.305, 59.84, 1.03929e-05
FILLER_0_18_76, 41.305, 59.84, 1.03929e-05
FILLER_0_18_85, 41.305, 59.84, 1.03929e-05
_103_, 41.305, 54.4, 2.24279e-05
_104_, 41.305, 54.4, 2.24279e-05
_139_, 41.305, 54.4, 2.24279e-05
_142_, 41.305, 54.4, 2.24279e-05
_150_, 41.305, 54.4, 2.24279e-05
_197_, 41.305, 54.4, 2.24279e-05
_133_, 41.305, 48.96, 1.77227e-05
_135_, 41.305, 48.96, 1.77227e-05
_141_, 41.305, 48.96, 1.77227e-05
FILLER_0_13_74, 41.305, 48.96, 1.77227e-05
FILLER_0_14_78, 41.305, 48.96, 1.77227e-05
FILLER_0_15_78, 41.305, 48.96, 1.77227e-05
_112_, 41.305, 43.52, 2.28615e-05
_136_, 41.305, 43.52, 2.28615e-05
_206_, 41.305, 43.52, 2.28615e-05
hold4, 41.305, 43.52, 2.28615e-05
FILLER_0_11_73, 41.305, 43.52, 2.28615e-05
FILLER_0_12_64, 41.305, 43.52, 2.28615e-05
FILLER_0_12_85, 41.305, 43.52, 2.28615e-05
_114_, 41.305, 38.08, 5.1268e-05
_193_, 41.305, 38.08, 5.1268e-05
_201_, 41.305, 38.08, 5.1268e-05
_202_, 41.305, 38.08, 5.1268e-05
_219_, 41.305, 38.08, 5.1268e-05
FILLER_0_10_85, 41.305, 38.08, 5.1268e-05
_190_, 41.305, 32.64, 2.82264e-05
_191_, 41.305, 32.64, 2.82264e-05
_218_, 41.305, 32.64, 2.82264e-05
hold9, 41.305, 32.64, 2.82264e-05
_109_, 41.305, 27.2, 1.4776e-05
_161_, 41.305, 27.2, 1.4776e-05
_168_, 41.305, 27.2, 1.4776e-05
FILLER_0_5_77, 41.305, 27.2, 1.4776e-05
FILLER_0_6_81, 41.305, 27.2, 1.4776e-05
_187_, 41.305, 21.76, 7.23213e-06
hold11, 41.305, 21.76, 7.23213e-06
FILLER_0_4_79, 41.305, 21.76, 7.23213e-06
_105_, 41.305, 16.32, 2.55825e-05
_171_, 41.305, 16.32, 2.55825e-05
_186_, 41.305, 16.32, 2.55825e-05
_210_, 41.305, 16.32, 2.55825e-05
hold17, 41.305, 16.32, 2.55825e-05
FILLER_0_2_78, 41.305, 16.32, 2.55825e-05
_106_, 41.305, 10.88, 4.0709e-05
_154_, 41.305, 10.88, 4.0709e-05
_170_, 41.305, 10.88, 4.0709e-05
input2, 41.305, 10.88, 4.0709e-05
input15, 41.305, 10.88, 4.0709e-05
FILLER_0_0_85, 41.305, 10.88, 4.0709e-05
FILLER_0_1_86, 41.305, 10.88, 4.0709e-05
_127_, 28.31, 59.84, 2.43015e-05
_145_, 28.31, 59.84, 2.43015e-05
input13, 28.31, 59.84, 2.43015e-05
output24, 28.31, 59.84, 2.43015e-05
hold19, 28.31, 59.84, 2.43015e-05
FILLER_0_18_49, 28.31, 59.84, 2.43015e-05
FILLER_0_18_57, 28.31, 59.84, 2.43015e-05
_101_, 28.31, 54.4, 3.76107e-05
_143_, 28.31, 54.4, 3.76107e-05
_144_, 28.31, 54.4, 3.76107e-05
_207_, 28.31, 54.4, 3.76107e-05
hold22, 28.31, 54.4, 3.76107e-05
FILLER_0_17_52, 28.31, 54.4, 3.76107e-05
_122_, 28.31, 48.96, 2.29749e-05
_132_, 28.31, 48.96, 2.29749e-05
FILLER_0_14_37, 28.31, 48.96, 2.29749e-05
FILLER_0_14_45, 28.31, 48.96, 2.29749e-05
_117_, 28.31, 43.52, 3.05096e-05
_120_, 28.31, 43.52, 3.05096e-05
_121_, 28.31, 43.52, 3.05096e-05
hold3, 28.31, 43.52, 3.05096e-05
FILLER_0_11_43, 28.31, 43.52, 3.05096e-05
FILLER_0_12_43, 28.31, 43.52, 3.05096e-05
_203_, 28.31, 38.08, 7.50263e-05
clkbuf_1_1__f_clk, 28.31, 38.08, 7.50263e-05
FILLER_0_11_52, 28.31, 38.08, 7.50263e-05
_113_, 28.31, 32.64, 5.44495e-05
_115_, 28.31, 32.64, 5.44495e-05
_116_, 28.31, 32.64, 5.44495e-05
_124_, 28.31, 32.64, 5.44495e-05
clkbuf_0_clk, 28.31, 32.64, 5.44495e-05
hold2, 28.31, 32.64, 5.44495e-05
_165_, 28.31, 27.2, 2.14505e-05
_167_, 28.31, 27.2, 2.14505e-05
FILLER_0_6_41, 28.31, 27.2, 2.14505e-05
FILLER_0_7_50, 28.31, 27.2, 2.14505e-05
_146_, 28.31, 21.76, 1.17862e-05
_149_, 28.31, 21.76, 1.17862e-05
_152_, 28.31, 21.76, 1.17862e-05
_166_, 28.31, 21.76, 1.17862e-05
FILLER_0_4_58, 28.31, 21.76, 1.17862e-05
_147_, 28.31, 16.32, 3.01482e-05
_153_, 28.31, 16.32, 3.01482e-05
_216_, 28.31, 16.32, 3.01482e-05
hold1, 28.31, 16.32, 3.01482e-05
FILLER_0_2_49, 28.31, 16.32, 3.01482e-05
FILLER_0_2_63, 28.31, 16.32, 3.01482e-05
FILLER_0_3_52, 28.31, 16.32, 3.01482e-05
_176_, 28.31, 10.88, 6.49639e-05
_198_, 28.31, 10.88, 6.49639e-05
hold7, 28.31, 10.88, 6.49639e-05
FILLER_0_1_57, 28.31, 10.88, 6.49639e-05
_129_, 15.315, 59.84, 3.09673e-05
input5, 15.315, 59.84, 3.09673e-05
input17, 15.315, 59.84, 3.09673e-05
hold8, 15.315, 59.84, 3.09673e-05
FILLER_0_18_20, 15.315, 59.84, 3.09673e-05
_102_, 15.315, 54.4, 5.3052e-05
_128_, 15.315, 54.4, 5.3052e-05
_182_, 15.315, 54.4, 5.3052e-05
_183_, 15.315, 54.4, 5.3052e-05
_214_, 15.315, 54.4, 5.3052e-05
FILLER_0_17_30, 15.315, 54.4, 5.3052e-05
_159_, 15.315, 48.96, 3.21552e-05
_196_, 15.315, 48.96, 3.21552e-05
hold6, 15.315, 48.96, 3.21552e-05
hold13, 15.315, 48.96, 3.21552e-05
FILLER_0_15_28, 15.315, 48.96, 3.21552e-05
_126_, 15.315, 43.52, 2.53992e-05
_178_, 15.315, 43.52, 2.53992e-05
hold15, 15.315, 43.52, 2.53992e-05
FILLER_0_12_23, 15.315, 43.52, 2.53992e-05
FILLER_0_11_22, 15.315, 38.08, 4.66906e-05
_125_, 15.315, 32.64, 3.4002e-05
hold21, 15.315, 32.64, 3.4002e-05
FILLER_0_8_23, 15.315, 32.64, 3.4002e-05
_099_, 15.315, 27.2, 3.88897e-05
_180_, 15.315, 27.2, 3.88897e-05
FILLER_0_6_21, 15.315, 27.2, 3.88897e-05
_155_, 15.315, 21.76, 1.75507e-05
_188_, 15.315, 21.76, 1.75507e-05
FILLER_0_4_22, 15.315, 21.76, 1.75507e-05
_107_, 15.315, 16.32, 3.25682e-05
_177_, 15.315, 10.88, 0.000123999
_211_, 15.315, 10.88, 0.000123999
output26, 15.315, 10.88, 0.000123999
clkbuf_1_0__f_clk, 15.315, 10.88, 0.000123999
FILLER_0_0_14, 15.315, 10.88, 0.000123999
PHY_EDGE_ROW_17_Left_36, 5.52, 59.84, 5.12022e-05
PHY_EDGE_ROW_18_Left_37, 5.52, 59.84, 5.12022e-05
output20, 5.52, 59.84, 5.12022e-05
PHY_EDGE_ROW_17_Right_17, 57.5, 59.84, 6.4127e-06
PHY_EDGE_ROW_18_Right_18, 57.5, 59.84, 6.4127e-06
_205_, 5.52, 54.4, 9.08517e-05
_209_, 5.52, 54.4, 9.08517e-05
PHY_EDGE_ROW_15_Left_34, 5.52, 54.4, 9.08517e-05
PHY_EDGE_ROW_16_Left_35, 5.52, 54.4, 9.08517e-05
FILLER_0_16_3, 5.52, 54.4, 9.08517e-05
PHY_EDGE_ROW_15_Right_15, 57.5, 54.4, 1.20106e-05
PHY_EDGE_ROW_16_Right_16, 57.5, 54.4, 1.20106e-05
PHY_EDGE_ROW_13_Left_32, 5.52, 48.96, 3.58334e-05
PHY_EDGE_ROW_14_Left_33, 5.52, 48.96, 3.58334e-05
input3, 5.52, 48.96, 3.58334e-05
PHY_EDGE_ROW_13_Right_13, 57.5, 48.96, 1.41076e-05
PHY_EDGE_ROW_14_Right_14, 57.5, 48.96, 1.41076e-05
_119_, 28.52, 48.96, 2.31379e-05
_134_, 28.52, 48.96, 2.31379e-05
_137_, 28.52, 48.96, 2.31379e-05
_151_, 28.52, 48.96, 2.31379e-05
FILLER_0_13_63, 28.52, 48.96, 2.31379e-05
FILLER_0_14_55, 28.52, 48.96, 2.31379e-05
_215_, 47.84, 48.96, 2.07118e-05
hold14, 47.84, 48.96, 2.07118e-05
FILLER_0_14_97, 47.84, 48.96, 2.07118e-05
_097_, 9.66, 48.96, 3.56301e-05
_160_, 9.66, 48.96, 3.56301e-05
_179_, 9.66, 48.96, 3.56301e-05
FILLER_0_14_15, 9.66, 48.96, 3.56301e-05
FILLER_0_15_6, 9.66, 48.96, 3.56301e-05
_111_, 47.38, 48.96, 2.05792e-05
_138_, 47.38, 48.96, 2.05792e-05
_098_, 5.52, 43.52, 3.74959e-05
_194_, 5.52, 43.52, 3.74959e-05
PHY_EDGE_ROW_11_Left_30, 5.52, 43.52, 3.74959e-05
PHY_EDGE_ROW_12_Left_31, 5.52, 43.52, 3.74959e-05
FILLER_0_13_3, 5.52, 43.52, 3.74959e-05
PHY_EDGE_ROW_11_Right_11, 57.5, 43.52, 1.23698e-05
PHY_EDGE_ROW_12_Right_12, 57.5, 43.52, 1.23698e-05
PHY_EDGE_ROW_9_Left_28, 5.52, 38.08, 5.41873e-05
PHY_EDGE_ROW_10_Left_29, 5.52, 38.08, 5.41873e-05
input16, 5.52, 38.08, 5.41873e-05
PHY_EDGE_ROW_9_Right_9, 57.5, 38.08, 2.4886e-05
PHY_EDGE_ROW_10_Right_10, 57.5, 38.08, 2.4886e-05
_181_, 9.66, 38.08, 5.39787e-05
_212_, 9.66, 38.08, 5.39787e-05
FILLER_0_9_13, 9.66, 38.08, 5.39787e-05
hold20, 15.18, 38.08, 4.68818e-05
_118_, 21.62, 38.08, 6.36308e-05
_123_, 21.62, 38.08, 6.36308e-05
_130_, 21.62, 38.08, 6.36308e-05
_131_, 21.62, 38.08, 6.36308e-05
FILLER_0_9_40, 21.62, 38.08, 6.36308e-05
_213_, 5.52, 32.64, 4.58112e-05
PHY_EDGE_ROW_7_Left_26, 5.52, 32.64, 4.58112e-05
PHY_EDGE_ROW_8_Left_27, 5.52, 32.64, 4.58112e-05
FILLER_0_8_3, 5.52, 32.64, 4.58112e-05
FILLER_0_9_3, 5.52, 32.64, 4.58112e-05
PHY_EDGE_ROW_7_Right_7, 57.5, 32.64, 1.62146e-05
PHY_EDGE_ROW_8_Right_8, 57.5, 32.64, 1.62146e-05
_100_, 5.52, 27.2, 7.13295e-05
_195_, 5.52, 27.2, 7.13295e-05
PHY_EDGE_ROW_5_Left_24, 5.52, 27.2, 7.13295e-05
PHY_EDGE_ROW_6_Left_25, 5.52, 27.2, 7.13295e-05
output19, 5.52, 27.2, 7.13295e-05
FILLER_0_6_9, 5.52, 27.2, 7.13295e-05
PHY_EDGE_ROW_5_Right_5, 57.5, 27.2, 9.92924e-06
PHY_EDGE_ROW_6_Right_6, 57.5, 27.2, 9.92924e-06
_157_, 17.94, 27.2, 3.99787e-05
_158_, 17.94, 27.2, 3.99787e-05
_204_, 17.94, 27.2, 3.99787e-05
FILLER_0_6_29, 17.94, 27.2, 3.99787e-05
FILLER_0_7_31, 17.94, 27.2, 3.99787e-05
_110_, 38.18, 27.2, 1.93726e-05
_200_, 38.18, 27.2, 1.93726e-05
FILLER_0_6_67, 38.18, 27.2, 1.93726e-05
FILLER_0_6_73, 38.18, 27.2, 1.93726e-05
_148_, 29.9, 27.2, 2.13433e-05
FILLER_0_5_57, 29.9, 27.2, 2.13433e-05
FILLER_0_6_59, 29.9, 27.2, 2.13433e-05
FILLER_0_7_57, 29.9, 27.2, 2.13433e-05
_217_, 5.52, 21.76, 3.02321e-05
PHY_EDGE_ROW_3_Left_22, 5.52, 21.76, 3.02321e-05
PHY_EDGE_ROW_4_Left_23, 5.52, 21.76, 3.02321e-05
input4, 5.52, 21.76, 3.02321e-05
FILLER_0_5_3, 5.52, 21.76, 3.02321e-05
PHY_EDGE_ROW_3_Right_3, 57.5, 21.76, 5.09056e-06
PHY_EDGE_ROW_4_Right_4, 57.5, 21.76, 5.09056e-06
_156_, 22.54, 21.76, 1.52399e-05
_164_, 22.54, 21.76, 1.52399e-05
FILLER_0_3_43, 22.54, 21.76, 1.52399e-05
FILLER_0_4_36, 22.54, 21.76, 1.52399e-05
FILLER_0_4_42, 22.54, 21.76, 1.52399e-05
FILLER_0_5_33, 22.54, 21.76, 1.52399e-05
_169_, 48.3, 21.76, 6.80608e-06
_163_, 47.38, 21.76, 6.9656e-06
FILLER_0_5_85, 47.38, 21.76, 6.9656e-06
FILLER_0_3_99, 52.9, 21.76, 5.49085e-06
FILLER_0_5_99, 52.9, 21.76, 5.49085e-06
PHY_EDGE_ROW_1_Left_20, 5.52, 16.32, 4.0309e-05
PHY_EDGE_ROW_2_Left_21, 5.52, 16.32, 4.0309e-05
FILLER_0_3_3, 5.52, 16.32, 4.0309e-05
PHY_EDGE_ROW_1_Right_1, 57.5, 16.32, 1.38598e-05
PHY_EDGE_ROW_2_Right_2, 57.5, 16.32, 1.38598e-05
_108_, 9.66, 16.32, 4.0309e-05
_189_, 9.66, 16.32, 4.0309e-05
_199_, 9.66, 16.32, 4.0309e-05
input8, 9.66, 16.32, 4.0309e-05
FILLER_0_1_12, 9.66, 16.32, 4.0309e-05
_208_, 21.62, 16.32, 3.59805e-05
FILLER_0_2_41, 21.62, 16.32, 3.59805e-05
PHY_EDGE_ROW_0_Left_19, 5.52, 10.88, 0.000152831
output22, 5.52, 10.88, 0.000152831
output23, 5.52, 10.88, 0.000152831
FILLER_0_0_3, 5.52, 10.88, 0.000152831
PHY_EDGE_ROW_0_Right_0, 57.5, 10.88, 4.28101e-05

