Instance name, X location, Y location, Voltage
input9, 51, 62.56, 1.8
FILLER_0_18_97, 51, 62.56, 1.8
_103_, 51, 57.12, 1.79998
_104_, 51, 57.12, 1.79998
input6, 51, 57.12, 1.79998
input10, 51, 57.12, 1.79998
hold10, 51, 57.12, 1.79998
FILLER_0_18_85, 51, 57.12, 1.79998
_184_, 51, 51.68, 1.79998
FILLER_0_14_97, 51, 51.68, 1.79998
hold14, 51, 46.24, 1.79999
hold16, 51, 46.24, 1.79999
_192_, 51, 40.8, 1.79997
_201_, 51, 40.8, 1.79997
hold18, 51, 40.8, 1.79997
_173_, 51, 35.36, 1.79996
_191_, 51, 35.36, 1.79996
_219_, 51, 35.36, 1.79996
hold12, 51, 35.36, 1.79996
FILLER_0_9_93, 51, 35.36, 1.79996
FILLER_0_10_85, 51, 35.36, 1.79996
_161_, 51, 29.92, 1.79999
_162_, 51, 29.92, 1.79999
_175_, 51, 29.92, 1.79999
_190_, 51, 29.92, 1.79999
FILLER_0_7_101, 51, 29.92, 1.79999
FILLER_0_5_99, 51, 24.48, 1.79999
FILLER_0_6_100, 51, 24.48, 1.79999
FILLER_0_3_99, 51, 19.04, 1.79998
_170_, 51, 13.6, 1.79995
input7, 51, 13.6, 1.79995
output21, 51, 13.6, 1.79995
output25, 51, 13.6, 1.79995
hold5, 51, 13.6, 1.79995
FILLER_0_0_85, 51, 13.6, 1.79995
FILLER_0_1_86, 51, 13.6, 1.79995
FILLER_0_2_104, 51, 13.6, 1.79995
_145_, 38.005, 62.56, 1.8
FILLER_0_18_57, 38.005, 62.56, 1.8
FILLER_0_18_65, 38.005, 62.56, 1.8
_140_, 38.005, 57.12, 1.79997
_143_, 38.005, 57.12, 1.79997
_144_, 38.005, 57.12, 1.79997
_207_, 38.005, 57.12, 1.79997
input14, 38.005, 57.12, 1.79997
FILLER_0_17_77, 38.005, 57.12, 1.79997
FILLER_0_18_76, 38.005, 57.12, 1.79997
_134_, 38.005, 51.68, 1.79997
_135_, 38.005, 51.68, 1.79997
_137_, 38.005, 51.68, 1.79997
_139_, 38.005, 51.68, 1.79997
_141_, 38.005, 51.68, 1.79997
_142_, 38.005, 51.68, 1.79997
_150_, 38.005, 51.68, 1.79997
_151_, 38.005, 51.68, 1.79997
FILLER_0_15_78, 38.005, 51.68, 1.79997
_133_, 38.005, 46.24, 1.79998
_136_, 38.005, 46.24, 1.79998
_206_, 38.005, 46.24, 1.79998
hold4, 38.005, 46.24, 1.79998
FILLER_0_12_64, 38.005, 46.24, 1.79998
FILLER_0_13_63, 38.005, 46.24, 1.79998
FILLER_0_13_74, 38.005, 46.24, 1.79998
FILLER_0_14_78, 38.005, 46.24, 1.79998
_193_, 38.005, 40.8, 1.79996
_202_, 38.005, 40.8, 1.79996
_203_, 38.005, 40.8, 1.79996
FILLER_0_11_73, 38.005, 40.8, 1.79996
_114_, 38.005, 35.36, 1.79993
_218_, 38.005, 35.36, 1.79993
clkbuf_0_clk, 38.005, 35.36, 1.79993
hold9, 38.005, 35.36, 1.79993
_109_, 38.005, 29.92, 1.79998
_110_, 38.005, 29.92, 1.79998
_200_, 38.005, 29.92, 1.79998
FILLER_0_6_67, 38.005, 29.92, 1.79998
_146_, 38.005, 24.48, 1.79999
_148_, 38.005, 24.48, 1.79999
hold11, 38.005, 24.48, 1.79999
FILLER_0_4_58, 38.005, 24.48, 1.79999
FILLER_0_5_57, 38.005, 24.48, 1.79999
_147_, 38.005, 19.04, 1.79998
_153_, 38.005, 19.04, 1.79998
_186_, 38.005, 19.04, 1.79998
_216_, 38.005, 19.04, 1.79998
hold17, 38.005, 19.04, 1.79998
FILLER_0_2_63, 38.005, 19.04, 1.79998
_105_, 38.005, 13.6, 1.79995
_106_, 38.005, 13.6, 1.79995
_154_, 38.005, 13.6, 1.79995
_198_, 38.005, 13.6, 1.79995
input2, 38.005, 13.6, 1.79995
input15, 38.005, 13.6, 1.79995
hold7, 38.005, 13.6, 1.79995
FILLER_0_1_57, 38.005, 13.6, 1.79995
FILLER_0_2_78, 38.005, 13.6, 1.79995
_127_, 25.01, 57.12, 1.79996
_182_, 25.01, 57.12, 1.79996
input13, 25.01, 57.12, 1.79996
output24, 25.01, 57.12, 1.79996
hold8, 25.01, 57.12, 1.79996
hold19, 25.01, 57.12, 1.79996
FILLER_0_17_30, 25.01, 57.12, 1.79996
FILLER_0_17_52, 25.01, 57.12, 1.79996
FILLER_0_18_49, 25.01, 57.12, 1.79996
_101_, 25.01, 51.68, 1.79997
_183_, 25.01, 51.68, 1.79997
_196_, 25.01, 51.68, 1.79997
_214_, 25.01, 51.68, 1.79997
hold22, 25.01, 51.68, 1.79997
_122_, 25.01, 46.24, 1.79998
hold6, 25.01, 46.24, 1.79998
hold15, 25.01, 46.24, 1.79998
FILLER_0_14_37, 25.01, 46.24, 1.79998
FILLER_0_14_45, 25.01, 46.24, 1.79998
_118_, 25.01, 40.8, 1.79996
_120_, 25.01, 40.8, 1.79996
FILLER_0_11_43, 25.01, 40.8, 1.79996
FILLER_0_11_52, 25.01, 40.8, 1.79996
FILLER_0_12_43, 25.01, 40.8, 1.79996
_113_, 25.01, 35.36, 1.79993
_116_, 25.01, 35.36, 1.79993
_124_, 25.01, 35.36, 1.79993
_130_, 25.01, 35.36, 1.79993
clkbuf_1_1__f_clk, 25.01, 35.36, 1.79993
FILLER_0_9_40, 25.01, 35.36, 1.79993
_204_, 25.01, 29.92, 1.79997
hold2, 25.01, 29.92, 1.79997
hold21, 25.01, 29.92, 1.79997
FILLER_0_6_41, 25.01, 29.92, 1.79997
FILLER_0_7_31, 25.01, 29.92, 1.79997
_156_, 25.01, 24.48, 1.79999
_158_, 25.01, 24.48, 1.79999
_165_, 25.01, 24.48, 1.79999
_167_, 25.01, 24.48, 1.79999
FILLER_0_4_42, 25.01, 24.48, 1.79999
_149_, 25.01, 19.04, 1.79998
_152_, 25.01, 19.04, 1.79998
_166_, 25.01, 19.04, 1.79998
FILLER_0_2_41, 25.01, 19.04, 1.79998
FILLER_0_3_43, 25.01, 19.04, 1.79998
FILLER_0_3_52, 25.01, 19.04, 1.79998
_176_, 25.01, 13.6, 1.79993
_208_, 25.01, 13.6, 1.79993
_211_, 25.01, 13.6, 1.79993
hold1, 25.01, 13.6, 1.79993
FILLER_0_2_49, 25.01, 13.6, 1.79993
_129_, 12.015, 62.56, 1.8
input17, 12.015, 62.56, 1.8
_128_, 12.015, 57.12, 1.79996
input5, 12.015, 57.12, 1.79996
FILLER_0_18_20, 12.015, 57.12, 1.79996
_102_, 12.015, 51.68, 1.79997
_159_, 12.015, 51.68, 1.79997
_160_, 12.015, 51.68, 1.79997
FILLER_0_15_28, 12.015, 51.68, 1.79997
_097_, 12.015, 46.24, 1.79999
_178_, 12.015, 46.24, 1.79999
_179_, 12.015, 46.24, 1.79999
hold13, 12.015, 46.24, 1.79999
FILLER_0_14_15, 12.015, 46.24, 1.79999
_125_, 12.015, 35.36, 1.79997
_181_, 12.015, 35.36, 1.79997
hold20, 12.015, 35.36, 1.79997
FILLER_0_9_13, 12.015, 35.36, 1.79997
_099_, 12.015, 29.92, 1.79997
_180_, 12.015, 29.92, 1.79997
FILLER_0_8_23, 12.015, 29.92, 1.79997
_188_, 12.015, 24.48, 1.79998
FILLER_0_6_9, 12.015, 24.48, 1.79998
_108_, 12.015, 19.04, 1.79997
_199_, 12.015, 19.04, 1.79997
_107_, 12.015, 13.6, 1.79989
_177_, 12.015, 13.6, 1.79989
input8, 12.015, 13.6, 1.79989
output23, 12.015, 13.6, 1.79989
output26, 12.015, 13.6, 1.79989
clkbuf_1_0__f_clk, 12.015, 13.6, 1.79989
FILLER_0_0_14, 12.015, 13.6, 1.79989
FILLER_0_1_12, 12.015, 13.6, 1.79989
PHY_EDGE_ROW_18_Left_37, 5.52, 62.56, 1.8
PHY_EDGE_ROW_18_Right_18, 57.5, 62.56, 1.8
input12, 57.5, 62.56, 1.8
_205_, 5.52, 57.12, 1.79993
PHY_EDGE_ROW_16_Left_35, 5.52, 57.12, 1.79993
PHY_EDGE_ROW_17_Left_36, 5.52, 57.12, 1.79993
output20, 5.52, 57.12, 1.79993
_185_, 57.5, 57.12, 1.79998
PHY_EDGE_ROW_16_Right_16, 57.5, 57.12, 1.79998
PHY_EDGE_ROW_17_Right_17, 57.5, 57.12, 1.79998
PHY_EDGE_ROW_14_Left_33, 5.52, 51.68, 1.79996
PHY_EDGE_ROW_15_Left_34, 5.52, 51.68, 1.79996
input3, 5.52, 51.68, 1.79996
FILLER_0_16_3, 5.52, 51.68, 1.79996
PHY_EDGE_ROW_14_Right_14, 57.5, 51.68, 1.79998
PHY_EDGE_ROW_15_Right_15, 57.5, 51.68, 1.79998
_209_, 9.66, 51.68, 1.79996
FILLER_0_15_6, 9.66, 51.68, 1.79996
_138_, 47.38, 51.68, 1.79997
_197_, 47.38, 51.68, 1.79997
_215_, 47.38, 51.68, 1.79997
PHY_EDGE_ROW_12_Left_31, 5.52, 46.24, 1.79999
PHY_EDGE_ROW_13_Left_32, 5.52, 46.24, 1.79999
FILLER_0_13_3, 5.52, 46.24, 1.79999
PHY_EDGE_ROW_12_Right_12, 57.5, 46.24, 1.79999
PHY_EDGE_ROW_13_Right_13, 57.5, 46.24, 1.79999
input11, 57.5, 46.24, 1.79999
_117_, 28.52, 46.24, 1.79997
_119_, 28.52, 46.24, 1.79997
_132_, 28.52, 46.24, 1.79997
hold3, 28.52, 46.24, 1.79997
FILLER_0_14_55, 28.52, 46.24, 1.79997
_111_, 47.84, 46.24, 1.79998
_112_, 47.84, 46.24, 1.79998
FILLER_0_12_85, 47.84, 46.24, 1.79998
_098_, 5.52, 40.8, 1.79996
PHY_EDGE_ROW_10_Left_29, 5.52, 40.8, 1.79996
PHY_EDGE_ROW_11_Left_30, 5.52, 40.8, 1.79996
input16, 5.52, 40.8, 1.79996
PHY_EDGE_ROW_10_Right_10, 57.5, 40.8, 1.79997
PHY_EDGE_ROW_11_Right_11, 57.5, 40.8, 1.79997
input18, 57.5, 40.8, 1.79997
_194_, 9.66, 40.8, 1.79996
_212_, 9.66, 40.8, 1.79996
FILLER_0_11_22, 15.18, 40.8, 1.79997
FILLER_0_12_23, 15.18, 40.8, 1.79997
_121_, 21.62, 40.8, 1.79996
_123_, 21.62, 40.8, 1.79996
_126_, 21.62, 40.8, 1.79996
_131_, 21.62, 40.8, 1.79996
PHY_EDGE_ROW_8_Left_27, 5.52, 35.36, 1.79997
PHY_EDGE_ROW_9_Left_28, 5.52, 35.36, 1.79997
FILLER_0_9_3, 5.52, 35.36, 1.79997
_174_, 57.5, 35.36, 1.79996
PHY_EDGE_ROW_8_Right_8, 57.5, 35.36, 1.79996
PHY_EDGE_ROW_9_Right_9, 57.5, 35.36, 1.79996
_100_, 5.52, 29.92, 1.79996
_195_, 5.52, 29.92, 1.79996
_213_, 5.52, 29.92, 1.79996
PHY_EDGE_ROW_6_Left_25, 5.52, 29.92, 1.79996
PHY_EDGE_ROW_7_Left_26, 5.52, 29.92, 1.79996
FILLER_0_8_3, 5.52, 29.92, 1.79996
PHY_EDGE_ROW_6_Right_6, 57.5, 29.92, 1.79999
PHY_EDGE_ROW_7_Right_7, 57.5, 29.92, 1.79999
_115_, 29.9, 29.92, 1.79998
FILLER_0_6_59, 29.9, 29.92, 1.79998
FILLER_0_7_50, 29.9, 29.92, 1.79998
FILLER_0_7_57, 29.9, 29.92, 1.79998
PHY_EDGE_ROW_4_Left_23, 5.52, 24.48, 1.79996
PHY_EDGE_ROW_5_Left_24, 5.52, 24.48, 1.79996
output19, 5.52, 24.48, 1.79996
FILLER_0_5_3, 5.52, 24.48, 1.79996
PHY_EDGE_ROW_4_Right_4, 57.5, 24.48, 1.79999
PHY_EDGE_ROW_5_Right_5, 57.5, 24.48, 1.79999
_163_, 47.38, 24.48, 1.79999
_168_, 47.38, 24.48, 1.79999
_169_, 47.38, 24.48, 1.79999
_172_, 47.38, 24.48, 1.79999
FILLER_0_5_85, 47.38, 24.48, 1.79999
FILLER_0_6_81, 47.38, 24.48, 1.79999
input1, 52.9, 24.48, 1.79999
FILLER_0_5_107, 52.9, 24.48, 1.79999
_155_, 17.94, 24.48, 1.79998
_157_, 17.94, 24.48, 1.79998
FILLER_0_4_22, 17.94, 24.48, 1.79998
FILLER_0_5_33, 17.94, 24.48, 1.79998
FILLER_0_6_21, 17.94, 24.48, 1.79998
FILLER_0_6_29, 17.94, 24.48, 1.79998
_187_, 38.18, 24.48, 1.79999
FILLER_0_4_79, 38.18, 24.48, 1.79999
FILLER_0_5_77, 38.18, 24.48, 1.79999
FILLER_0_6_73, 38.18, 24.48, 1.79999
PHY_EDGE_ROW_2_Left_21, 5.52, 19.04, 1.79997
PHY_EDGE_ROW_3_Left_22, 5.52, 19.04, 1.79997
input4, 5.52, 19.04, 1.79997
FILLER_0_3_3, 5.52, 19.04, 1.79997
PHY_EDGE_ROW_2_Right_2, 57.5, 19.04, 1.79998
PHY_EDGE_ROW_3_Right_3, 57.5, 19.04, 1.79998
FILLER_0_3_107, 57.5, 19.04, 1.79998
_189_, 9.66, 19.04, 1.79997
_217_, 9.66, 19.04, 1.79997
_164_, 22.54, 19.04, 1.79998
FILLER_0_4_36, 22.54, 19.04, 1.79998
_171_, 48.3, 19.04, 1.79997
_210_, 48.3, 19.04, 1.79997
PHY_EDGE_ROW_0_Left_19, 5.52, 13.6, 1.79987
PHY_EDGE_ROW_1_Left_20, 5.52, 13.6, 1.79987
output22, 5.52, 13.6, 1.79987
FILLER_0_0_3, 5.52, 13.6, 1.79987
PHY_EDGE_ROW_0_Right_0, 57.5, 13.6, 1.79995
PHY_EDGE_ROW_1_Right_1, 57.5, 13.6, 1.79995
FILLER_0_1_107, 57.5, 13.6, 1.79995

