OpenROAD 0a6d0fd469bc674417036342994520ee2e0a2727 
This program is licensed under the BSD-3 license. See the LICENSE file for details.
Components of this program may be licensed under more restrictive licenses which must be honored.
[INFO]: Reading ODB at '/openlane/designs/stdp/runs/run1/tmp/placement/9-resizer.odb'…
define_corners Typical
read_liberty -corner Typical /home/bar/.volare/sky130A/libs.ref/sky130_fd_sc_hd/lib/sky130_fd_sc_hd__tt_025C_1v80.lib
Using 1e-12 for capacitance...
Using 1e+03 for resistance...
Using 1e-09 for time...
Using 1e+00 for voltage...
Using 1e-03 for current...
Using 1e-09 for power...
Using 1e-06 for distance...
Reading design constraints file at '/openlane/scripts/base.sdc'…
[INFO]: Setting output delay to: 2.0
[INFO]: Setting input delay to: 2.0
[INFO]: Setting load to: 0.033442
[INFO]: Setting clock uncertainty to: 0.25
[INFO]: Setting clock transition to: 0.15
[INFO]: Setting timing derate to: 5.0 %
Placement Analysis
---------------------------------
total displacement          0.0 u
average displacement        0.0 u
max displacement            0.0 u
original HPWL            2183.9 u
legalized HPWL           2246.9 u
delta HPWL                    3 %

[INFO DPL-0020] Mirrored 45 instances
[INFO DPL-0021] HPWL before            2246.9 u
[INFO DPL-0022] HPWL after             2183.9 u
[INFO DPL-0023] HPWL delta               -2.8 %
Setting global connections for newly added cells…
Writing OpenROAD database to '/openlane/designs/stdp/runs/run1/results/placement/stdp.odb'…
Writing netlist to '/openlane/designs/stdp/runs/run1/results/placement/stdp.nl.v'…
Writing powered netlist to '/openlane/designs/stdp/runs/run1/results/placement/stdp.pnl.v'…
Writing layout to '/openlane/designs/stdp/runs/run1/results/placement/stdp.def'…
